2016-03-14 11:39:01 Error: [Cake\Routing\Exception\MissingControllerException] Controller class Article could not be found.
Exception Attributes: array (
  'class' => 'Article',
  'plugin' => NULL,
  'prefix' => NULL,
  '_ext' => NULL,
)
Request URL: /coowi/article
Stack Trace:
#0 C:\xampp\htdocs\coowi\webroot\index.php(37): Cake\Routing\Dispatcher->dispatch(Object(Cake\Network\Request), Object(Cake\Network\Response))
#1 {main}


2016-03-14 11:39:05 Error: [Cake\Routing\Exception\MissingControllerException] Controller class Articles could not be found.
Exception Attributes: array (
  'class' => 'Articles',
  'plugin' => NULL,
  'prefix' => NULL,
  '_ext' => NULL,
)
Request URL: /coowi/articles
Stack Trace:
#0 C:\xampp\htdocs\coowi\webroot\index.php(37): Cake\Routing\Dispatcher->dispatch(Object(Cake\Network\Request), Object(Cake\Network\Response))
#1 {main}


2016-03-14 11:41:58 Error: [Cake\Routing\Exception\MissingControllerException] Controller class Article could not be found.
Exception Attributes: array (
  'class' => 'Article',
  'plugin' => NULL,
  'prefix' => NULL,
  '_ext' => NULL,
)
Request URL: /coowi/article
Stack Trace:
#0 C:\xampp\htdocs\coowi\webroot\index.php(37): Cake\Routing\Dispatcher->dispatch(Object(Cake\Network\Request), Object(Cake\Network\Response))
#1 {main}


2016-03-14 11:50:26 Error: [Cake\Routing\Exception\MissingControllerException] Controller class Article could not be found.
Exception Attributes: array (
  'class' => 'Article',
  'plugin' => NULL,
  'prefix' => NULL,
  '_ext' => NULL,
)
Request URL: /coowi/article
Stack Trace:
#0 C:\xampp\htdocs\coowi\webroot\index.php(37): Cake\Routing\Dispatcher->dispatch(Object(Cake\Network\Request), Object(Cake\Network\Response))
#1 {main}


2016-03-14 11:50:30 Error: [Cake\Routing\Exception\MissingControllerException] Controller class Article could not be found.
Exception Attributes: array (
  'class' => 'Article',
  'plugin' => NULL,
  'prefix' => NULL,
  '_ext' => NULL,
)
Request URL: /coowi/article
Stack Trace:
#0 C:\xampp\htdocs\coowi\webroot\index.php(37): Cake\Routing\Dispatcher->dispatch(Object(Cake\Network\Request), Object(Cake\Network\Response))
#1 {main}


2016-03-14 11:50:32 Error: [Cake\Routing\Exception\MissingControllerException] Controller class Article could not be found.
Exception Attributes: array (
  'class' => 'Article',
  'plugin' => NULL,
  'prefix' => NULL,
  '_ext' => NULL,
)
Request URL: /coowi/article
Stack Trace:
#0 C:\xampp\htdocs\coowi\webroot\index.php(37): Cake\Routing\Dispatcher->dispatch(Object(Cake\Network\Request), Object(Cake\Network\Response))
#1 {main}


2016-03-14 11:50:39 Error: [Cake\Routing\Exception\MissingControllerException] Controller class Articles could not be found.
Exception Attributes: array (
  'class' => 'Articles',
  'plugin' => NULL,
  'prefix' => NULL,
  '_ext' => NULL,
)
Request URL: /coowi/articles
Stack Trace:
#0 C:\xampp\htdocs\coowi\webroot\index.php(37): Cake\Routing\Dispatcher->dispatch(Object(Cake\Network\Request), Object(Cake\Network\Response))
#1 {main}


2016-03-14 11:51:00 Error: [Cake\Routing\Exception\MissingControllerException] Controller class Article could not be found.
Exception Attributes: array (
  'class' => 'Article',
  'plugin' => NULL,
  'prefix' => NULL,
  '_ext' => NULL,
)
Request URL: /coowi/article
Stack Trace:
#0 C:\xampp\htdocs\coowi\webroot\index.php(37): Cake\Routing\Dispatcher->dispatch(Object(Cake\Network\Request), Object(Cake\Network\Response))
#1 {main}


2016-03-14 11:53:43 Error: [Cake\Routing\Exception\MissingControllerException] Controller class Article could not be found.
Exception Attributes: array (
  'class' => 'Article',
  'plugin' => NULL,
  'prefix' => NULL,
  '_ext' => NULL,
)
Request URL: /coowi/article
Stack Trace:
#0 C:\xampp\htdocs\coowi\webroot\index.php(37): Cake\Routing\Dispatcher->dispatch(Object(Cake\Network\Request), Object(Cake\Network\Response))
#1 {main}


2016-03-14 11:53:45 Error: [Cake\Routing\Exception\MissingControllerException] Controller class Article could not be found.
Exception Attributes: array (
  'class' => 'Article',
  'plugin' => NULL,
  'prefix' => NULL,
  '_ext' => NULL,
)
Request URL: /coowi/article
Stack Trace:
#0 C:\xampp\htdocs\coowi\webroot\index.php(37): Cake\Routing\Dispatcher->dispatch(Object(Cake\Network\Request), Object(Cake\Network\Response))
#1 {main}


2016-03-14 11:53:50 Error: [Cake\Routing\Exception\MissingControllerException] Controller class ArticleS could not be found.
Exception Attributes: array (
  'class' => 'ArticleS',
  'plugin' => NULL,
  'prefix' => NULL,
  '_ext' => NULL,
)
Request URL: /coowi/articleS
Stack Trace:
#0 C:\xampp\htdocs\coowi\webroot\index.php(37): Cake\Routing\Dispatcher->dispatch(Object(Cake\Network\Request), Object(Cake\Network\Response))
#1 {main}


2016-03-14 11:53:54 Error: [Cake\Routing\Exception\MissingControllerException] Controller class Articles could not be found.
Exception Attributes: array (
  'class' => 'Articles',
  'plugin' => NULL,
  'prefix' => NULL,
  '_ext' => NULL,
)
Request URL: /coowi/articles
Stack Trace:
#0 C:\xampp\htdocs\coowi\webroot\index.php(37): Cake\Routing\Dispatcher->dispatch(Object(Cake\Network\Request), Object(Cake\Network\Response))
#1 {main}


2016-03-14 11:53:55 Error: [Cake\Routing\Exception\MissingControllerException] Controller class Article could not be found.
Exception Attributes: array (
  'class' => 'Article',
  'plugin' => NULL,
  'prefix' => NULL,
  '_ext' => NULL,
)
Request URL: /coowi/article
Stack Trace:
#0 C:\xampp\htdocs\coowi\webroot\index.php(37): Cake\Routing\Dispatcher->dispatch(Object(Cake\Network\Request), Object(Cake\Network\Response))
#1 {main}


